[debug] [2022-09-04T21:47:01.413Z] ----------------------------------------------------------------------
[debug] [2022-09-04T21:47:01.415Z] Command:       C:\Program Files\nodejs\node.exe C:\Users\Amber 67\AppData\Roaming\npm\node_modules\firebase-tools\lib\bin\firebase.js init hosting
[debug] [2022-09-04T21:47:01.416Z] CLI Version:   11.8.0
[debug] [2022-09-04T21:47:01.416Z] Platform:      win32
[debug] [2022-09-04T21:47:01.416Z] Node Version:  v16.13.2
[debug] [2022-09-04T21:47:01.417Z] Time:          Sun Sep 04 2022 16:47:01 GMT-0500 (Colombia Standard Time)
[debug] [2022-09-04T21:47:01.418Z] ----------------------------------------------------------------------
[debug] 
[debug] [2022-09-04T21:47:01.426Z] > command requires scopes: ["email","openid","https://www.googleapis.com/auth/cloudplatformprojects.readonly","https://www.googleapis.com/auth/firebase","https://www.googleapis.com/auth/cloud-platform"]
[debug] [2022-09-04T21:47:01.427Z] > authorizing via signed-in user (dawnzsynchro@gmail.com)
[info] 
     ######## #### ########  ######## ########     ###     ######  ########
     ##        ##  ##     ## ##       ##     ##  ##   ##  ##       ##
     ######    ##  ########  ######   ########  #########  ######  ######
     ##        ##  ##    ##  ##       ##     ## ##     ##       ## ##
     ##       #### ##     ## ######## ########  ##     ##  ######  ########

You're about to initialize a Firebase project in this directory:

  C:\Users\Amber 67\Documents\Angular Final Assessment\dawnz

[info] 
=== Project Setup
[info] 
[info] First, let's associate this project directory with a Firebase project.
[info] You can create multiple project aliases by running firebase use --add, 
[info] but for now we'll just set up a default project.
[info] 
[debug] [2022-09-04T21:47:21.428Z] >>> [apiv2][query] GET https://firebase.googleapis.com/v1beta1/projects pageSize=100
[debug] [2022-09-04T21:47:22.105Z] <<< [apiv2][status] GET https://firebase.googleapis.com/v1beta1/projects 200
[debug] [2022-09-04T21:47:22.105Z] <<< [apiv2][body] GET https://firebase.googleapis.com/v1beta1/projects [omitted]
[info] i  Using project student-portal-c35e0 (Student Portal) 
[info] 
=== Hosting Setup
[info] 
[info] Your public directory is the folder (relative to your project directory) that
[info] will contain Hosting assets to be uploaded with firebase deploy. If you
[info] have a build process for your assets, use your build's output directory.
[info] 
[debug] [2022-09-04T21:47:57.475Z] >>> [apiv2][query] GET https://www.gstatic.com/firebasejs/releases.json [none]
[debug] [2022-09-04T21:47:57.688Z] <<< [apiv2][status] GET https://www.gstatic.com/firebasejs/releases.json 200
[debug] [2022-09-04T21:47:57.689Z] <<< [apiv2][body] GET https://www.gstatic.com/firebasejs/releases.json {"current":{"version":"9.9.4","browserURL":"https://www.gstatic.com/firebasejs/9.9.4/firebase.js","packageURL":"https://www.gstatic.com/firebasejs/9.9.4/firebase.tgz"},"live":{"version":"9.9","browserURL":"https://www.gstatic.com/firebasejs/live/9.9/firebase.js","packageURL":"https://www.gstatic.com/firebasejs/live/9.9/firebase.tgz"},"components":{"analytics":"https://www.gstatic.com/firebasejs/9.9.4/firebase-analytics.js","app":"https://www.gstatic.com/firebasejs/9.9.4/firebase-app.js","app-check":"https://www.gstatic.com/firebasejs/9.9.4/firebase-app-check.js","auth":"https://www.gstatic.com/firebasejs/9.9.4/firebase-auth.js","auth/cordova":"https://www.gstatic.com/firebasejs/9.9.4/firebase-auth/cordova.js","auth/react-native":"https://www.gstatic.com/firebasejs/9.9.4/firebase-auth/react-native.js","functions":"https://www.gstatic.com/firebasejs/9.9.4/firebase-functions.js","firestore":"https://www.gstatic.com/firebasejs/9.9.4/firebase-firestore.js","firestore/lite":"https://www.gstatic.com/firebasejs/9.9.4/firebase-firestore/lite.js","installations":"https://www.gstatic.com/firebasejs/9.9.4/firebase-installations.js","storage":"https://www.gstatic.com/firebasejs/9.9.4/firebase-storage.js","performance":"https://www.gstatic.com/firebasejs/9.9.4/firebase-performance.js","remote-config":"https://www.gstatic.com/firebasejs/9.9.4/firebase-remote-config.js","messaging":"https://www.gstatic.com/firebasejs/9.9.4/firebase-messaging.js","messaging/sw":"https://www.gstatic.com/firebasejs/9.9.4/firebase-messaging/sw.js","database":"https://www.gstatic.com/firebasejs/9.9.4/firebase-database.js","firestore.memory":"https://www.gstatic.com/firebasejs/9.9.4/firebase-firestore.memory.js"}}
[info] +  Wrote dist/dawnz/index.html 
[info] 
[info] i  Didn't detect a .git folder. Assuming C:\Users\Amber 67\Documents\Angular Final Assessment\dawnz is the project root. 
[info] i  Authorizing with GitHub to upload your service account to a GitHub repository's secrets store. 
[info] 
[info] Visit this URL on this device to log in:
[info] https://github.com/login/oauth/authorize?client_id=89cf50f02ac6aaed3484&state=562316593&redirect_uri=http%3A%2F%2Flocalhost%3A9005&scope=read%3Auser%20repo%20public_repo
[info] 
[info] Waiting for authentication...
[debug] [2022-09-04T21:52:18.941Z] >>> [apiv2][query] POST https://github.com/login/oauth/access_token [none]
[debug] [2022-09-04T21:52:18.943Z] >>> [apiv2][body] POST https://github.com/login/oauth/access_token [stream]
[debug] [2022-09-04T21:52:20.498Z] <<< [apiv2][status] POST https://github.com/login/oauth/access_token 200
[debug] [2022-09-04T21:52:20.498Z] <<< [apiv2][body] POST https://github.com/login/oauth/access_token {"access_token":"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","token_type":"bearer","scope":"read:user,repo"}
[debug] [2022-09-04T21:52:20.515Z] >>> [apiv2][query] GET https://api.github.com/user [none]
[debug] [2022-09-04T21:52:20.901Z] <<< [apiv2][status] GET https://api.github.com/user 200
[debug] [2022-09-04T21:52:20.901Z] <<< [apiv2][body] GET https://api.github.com/user {"login":"Dawnz","id":4412573,"node_id":"MDQ6VXNlcjQ0MTI1NzM=","avatar_url":"https://avatars.githubusercontent.com/u/4412573?v=4","gravatar_id":"","url":"https://api.github.com/users/Dawnz","html_url":"https://github.com/Dawnz","followers_url":"https://api.github.com/users/Dawnz/followers","following_url":"https://api.github.com/users/Dawnz/following{/other_user}","gists_url":"https://api.github.com/users/Dawnz/gists{/gist_id}","starred_url":"https://api.github.com/users/Dawnz/starred{/owner}{/repo}","subscriptions_url":"https://api.github.com/users/Dawnz/subscriptions","organizations_url":"https://api.github.com/users/Dawnz/orgs","repos_url":"https://api.github.com/users/Dawnz/repos","events_url":"https://api.github.com/users/Dawnz/events{/privacy}","received_events_url":"https://api.github.com/users/Dawnz/received_events","type":"User","site_admin":false,"name":null,"company":null,"blog":"","location":null,"email":null,"hireable":null,"bio":null,"twitter_username":null,"public_repos":23,"public_gists":0,"followers":12,"following":6,"created_at":"2013-05-13T00:37:01Z","updated_at":"2022-09-04T21:50:21Z","private_gists":0,"total_private_repos":1,"owned_private_repos":1,"disk_usage":94668,"collaborators":0,"two_factor_authentication":false,"plan":{"name":"free","space":976562499,"collaborators":0,"private_repos":10000}}
[info] 
[info] +  Success! Logged into GitHub as Dawnz 
[info] 
